2022-05-18 19:43:15,329 [INFO] Запрошен пост 1 через API
2022-05-18 19:43:20,812 [INFO] Запрошены все посты через API
2022-05-18 19:48:20,244 [INFO] Запрошены все посты через API (/api/posts/)
2022-05-18 19:48:24,271 [INFO] Запрошен пост 1 через API (/api/posts/1)
2022-05-18 19:54:44,262 [INFO] Выполнен запрос всех постов через API (/api/posts/)
2022-05-18 19:55:02,149 [INFO] Выполнен запрос поста 1 через API (/api/posts/1/)
2022-05-19 18:07:21,604 [INFO] Выполнен запрос всех постов через API (/api/posts/)
2022-05-19 18:53:19,400 [INFO] Выполнен запрос всех постов через API (/api/posts/)
2022-05-19 18:53:24,779 [INFO] Выполнен запрос поста 1 через API (/api/posts/1/)
2022-05-19 19:11:25,566 [INFO] Выполнен запрос поста 1 через API (/api/posts/1/)
2022-05-19 19:11:26,513 [INFO] Выполнен запрос поста 1 через API (/api/posts/1/)
2022-05-19 19:11:26,806 [INFO] Выполнен запрос поста 1 через API (/api/posts/1/)
2022-05-19 19:11:27,079 [INFO] Выполнен запрос поста 1 через API (/api/posts/1/)
2022-05-19 19:11:27,272 [INFO] Выполнен запрос поста 1 через API (/api/posts/1/)
2022-05-19 19:11:30,318 [INFO] Выполнен запрос всех постов через API (/api/posts/)
2022-05-19 19:13:14,576 [INFO] Выполнен запрос всех постов через API (/api/posts/)
2022-05-19 19:14:05,623 [INFO] Выполнен запрос всех постов через API (/api/posts/)
2022-05-19 19:14:35,365 [INFO] Выполнен запрос всех постов через API (/api/posts/)
2022-05-19 19:14:48,184 [INFO] Выполнен запрос поста 1 через API (/api/posts/1/)
2022-05-19 19:19:29,499 [INFO] Выполнен запрос поста 1 через API (/api/posts/1/)
2022-05-19 19:21:07,675 [INFO] Выполнен запрос поста 1 через API (/api/posts/1/)
2022-05-19 19:21:07,977 [INFO] Выполнен запрос поста 1 через API (/api/posts/1/)
2022-05-19 19:21:08,530 [INFO] Выполнен запрос поста 1 через API (/api/posts/1/)
2022-05-19 19:21:09,082 [INFO] Выполнен запрос поста 1 через API (/api/posts/1/)
2022-05-19 19:21:09,530 [INFO] Выполнен запрос поста 1 через API (/api/posts/1/)
2022-05-19 19:21:09,903 [INFO] Выполнен запрос поста 1 через API (/api/posts/1/)
2022-05-19 19:21:10,243 [INFO] Выполнен запрос поста 1 через API (/api/posts/1/)
2022-05-19 19:21:10,513 [INFO] Выполнен запрос поста 1 через API (/api/posts/1/)
2022-05-19 19:21:10,907 [INFO] Выполнен запрос поста 1 через API (/api/posts/1/)
2022-05-19 19:24:29,483 [INFO] Выполнен запрос всех постов через API (/api/posts/)
2022-05-19 19:53:56,895 [INFO] Выполнен запрос всех постов через API (/api/posts/)
2022-05-19 20:12:13,351 [INFO] Выполнен запрос всех постов через API (/api/posts/)
2022-05-19 20:19:51,365 [INFO] Выполнен запрос всех постов через API (/api/posts/)
2022-05-19 20:20:01,333 [INFO] Выполнен запрос поста 1 через API (/api/posts/1/)
2022-05-19 20:24:29,520 [INFO] Выполнен запрос поста 1 через API (/api/posts/1/)
2022-05-19 20:49:01,966 [INFO] Выполнен запрос поста 1 через API (/api/posts/1/)
2022-05-19 20:55:06,078 [INFO] Выполнен запрос всех постов через API (/api/posts/)
2022-05-19 20:55:06,082 [INFO] Выполнен запрос поста 1 через API (/api/posts/1/)
2022-05-19 21:08:57,766 [INFO] Выполнен запрос поста 1 через API (/api/posts/1/)
